# JRE version: OpenJDK Runtime Environment Temurin-21.0.4+7 (21.0.4+7) (build 21.0.4+7-LTS)
# Java VM: OpenJDK 64-Bit Server VM Temurin-21.0.4+7 (21.0.4+7-LTS, mixed mode, emulated-client, tiered, compressed oops, compressed class ptrs, g1 gc, windows-amd64)
GC Precious Log:
 CardTable entry size: 512
 Card Set container configuration: InlinePtr #cards 4 size 8 Array Of Cards #cards 16 size 48 Howl #buckets 8 coarsen threshold 3686 Howl Bitmap #cards 512 size 80 coarsen threshold 460 Card regions per heap region 1 cards per card region 4096
 CPUs: 12 total, 12 available
 Memory: 16052M
 Large Page Support: Disabled
 NUMA Support: Disabled
 Compressed Oops: Enabled (Zero based)
 Heap Region Size: 2M
 Heap Min Capacity: 8M
 Heap Initial Capacity: 252M
 Heap Max Capacity: 4014M
 Pre-touch: Disabled
 Parallel Workers: 10
 Concurrent Workers: 3
 Concurrent Refinement Workers: 10
 Periodic GC: Disabled
Heap:
 garbage-first heap   total 61440K, used 24370K [0x0000000705200000, 0x0000000800000000)
  region size 2048K, 4 young (8192K), 2 survivors (4096K)
 Metaspace       used 55594K, committed 56192K, reserved 1114112K
  class space    used 7115K, committed 7424K, reserved 1048576K
GC Heap History (20 events):
Event: 0.859 GC heap before
{Heap before GC invocations=0 (full 0):
 garbage-first heap   total 258048K, used 20480K [0x0000000705200000, 0x0000000800000000)
  region size 2048K, 11 young (22528K), 0 survivors (0K)
 Metaspace       used 16083K, committed 16320K, reserved 1114112K
  class space    used 1589K, committed 1664K, reserved 1048576K
}
Event: 0.864 GC heap after
{Heap after GC invocations=1 (full 0):
 garbage-first heap   total 258048K, used 6936K [0x0000000705200000, 0x0000000800000000)
  region size 2048K, 2 young (4096K), 2 survivors (4096K)
 Metaspace       used 16083K, committed 16320K, reserved 1114112K
  class space    used 1589K, committed 1664K, reserved 1048576K
}
Event: 1.277 GC heap before
{Heap before GC invocations=1 (full 0):
 garbage-first heap   total 258048K, used 25368K [0x0000000705200000, 0x0000000800000000)
  region size 2048K, 13 young (26624K), 2 survivors (4096K)
 Metaspace       used 21203K, committed 21504K, reserved 1114112K
  class space    used 2370K, committed 2496K, reserved 1048576K
}
Event: 1.281 GC heap after
{Heap after GC invocations=2 (full 0):
 garbage-first heap   total 258048K, used 8984K [0x0000000705200000, 0x0000000800000000)
  region size 2048K, 1 young (2048K), 1 survivors (2048K)
 Metaspace       used 21203K, committed 21504K, reserved 1114112K
  class space    used 2370K, committed 2496K, reserved 1048576K
}
Event: 1.448 GC heap before
{Heap before GC invocations=3 (full 0):
 garbage-first heap   total 34816K, used 27416K [0x0000000705200000, 0x0000000800000000)
  region size 2048K, 10 young (20480K), 1 survivors (2048K)
 Metaspace       used 25842K, committed 26240K, reserved 1114112K
  class space    used 2911K, committed 3072K, reserved 1048576K
}
Event: 1.451 GC heap after
{Heap after GC invocations=4 (full 0):
 garbage-first heap   total 34816K, used 10123K [0x0000000705200000, 0x0000000800000000)
  region size 2048K, 2 young (4096K), 2 survivors (4096K)
 Metaspace       used 25842K, committed 26240K, reserved 1114112K
  class space    used 2911K, committed 3072K, reserved 1048576K
}
Event: 1.573 GC heap before
{Heap before GC invocations=4 (full 0):
 garbage-first heap   total 34816K, used 20363K [0x0000000705200000, 0x0000000800000000)
  region size 2048K, 8 young (16384K), 2 survivors (4096K)
 Metaspace       used 28685K, committed 29056K, reserved 1114112K
  class space    used 3310K, committed 3520K, reserved 1048576K
}
Event: 1.577 GC heap after
{Heap after GC invocations=5 (full 0):
 garbage-first heap   total 34816K, used 10810K [0x0000000705200000, 0x0000000800000000)
  region size 2048K, 1 young (2048K), 1 survivors (2048K)
 Metaspace       used 28685K, committed 29056K, reserved 1114112K
  class space    used 3310K, committed 3520K, reserved 1048576K
}
Event: 1.792 GC heap before
{Heap before GC invocations=5 (full 0):
 garbage-first heap   total 34816K, used 25146K [0x0000000705200000, 0x0000000800000000)
  region size 2048K, 8 young (16384K), 1 survivors (2048K)
 Metaspace       used 30402K, committed 30784K, reserved 1114112K
  class space    used 3531K, committed 3712K, reserved 1048576K
}
Event: 1.795 GC heap after
{Heap after GC invocations=6 (full 0):
 garbage-first heap   total 34816K, used 12789K [0x0000000705200000, 0x0000000800000000)
  region size 2048K, 1 young (2048K), 1 survivors (2048K)
 Metaspace       used 30402K, committed 30784K, reserved 1114112K
  class space    used 3531K, committed 3712K, reserved 1048576K
}
Event: 2.048 GC heap before
{Heap before GC invocations=6 (full 0):
 garbage-first heap   total 34816K, used 25077K [0x0000000705200000, 0x0000000800000000)
  region size 2048K, 7 young (14336K), 1 survivors (2048K)
 Metaspace       used 31628K, committed 32000K, reserved 1114112K
  class space    used 3711K, committed 3840K, reserved 1048576K
}
Event: 2.056 GC heap after
{Heap after GC invocations=7 (full 0):
 garbage-first heap   total 147456K, used 13688K [0x0000000705200000, 0x0000000800000000)
  region size 2048K, 1 young (2048K), 1 survivors (2048K)
 Metaspace       used 31628K, committed 32000K, reserved 1114112K
  class space    used 3711K, committed 3840K, reserved 1048576K
}
Event: 2.619 GC heap before
{Heap before GC invocations=7 (full 0):
 garbage-first heap   total 147456K, used 38264K [0x0000000705200000, 0x0000000800000000)
  region size 2048K, 14 young (28672K), 1 survivors (2048K)
 Metaspace       used 35622K, committed 36096K, reserved 1114112K
  class space    used 4344K, committed 4608K, reserved 1048576K
}
Event: 2.625 GC heap after
{Heap after GC invocations=8 (full 0):
 garbage-first heap   total 147456K, used 16129K [0x0000000705200000, 0x0000000800000000)
  region size 2048K, 2 young (4096K), 2 survivors (4096K)
 Metaspace       used 35622K, committed 36096K, reserved 1114112K
  class space    used 4344K, committed 4608K, reserved 1048576K
}
Event: 3.299 GC heap before
{Heap before GC invocations=9 (full 0):
 garbage-first heap   total 61440K, used 48897K [0x0000000705200000, 0x0000000800000000)
  region size 2048K, 18 young (36864K), 2 survivors (4096K)
 Metaspace       used 41285K, committed 41856K, reserved 1114112K
  class space    used 5122K, committed 5376K, reserved 1048576K
}
Event: 3.302 GC heap after
{Heap after GC invocations=10 (full 0):
 garbage-first heap   total 61440K, used 18747K [0x0000000705200000, 0x0000000800000000)
  region size 2048K, 3 young (6144K), 3 survivors (6144K)
 Metaspace       used 41285K, committed 41856K, reserved 1114112K
  class space    used 5122K, committed 5376K, reserved 1048576K
}
Event: 3.859 GC heap before
{Heap before GC invocations=10 (full 0):
 garbage-first heap   total 61440K, used 45371K [0x0000000705200000, 0x0000000800000000)
  region size 2048K, 16 young (32768K), 3 survivors (6144K)
 Metaspace       used 47440K, committed 48000K, reserved 1114112K
  class space    used 6071K, committed 6336K, reserved 1048576K
}
Event: 3.863 GC heap after
{Heap after GC invocations=11 (full 0):
 garbage-first heap   total 61440K, used 20173K [0x0000000705200000, 0x0000000800000000)
  region size 2048K, 1 young (2048K), 1 survivors (2048K)
 Metaspace       used 47440K, committed 48000K, reserved 1114112K
  class space    used 6071K, committed 6336K, reserved 1048576K
}
Event: 4.501 GC heap before
{Heap before GC invocations=11 (full 0):
 garbage-first heap   total 61440K, used 48845K [0x0000000705200000, 0x0000000800000000)
  region size 2048K, 16 young (32768K), 1 survivors (2048K)
 Metaspace       used 54631K, committed 55232K, reserved 1114112K
  class space    used 7000K, committed 7296K, reserved 1048576K
}
Event: 4.503 GC heap after
{Heap after GC invocations=12 (full 0):
 garbage-first heap   total 61440K, used 22322K [0x0000000705200000, 0x0000000800000000)
  region size 2048K, 2 young (4096K), 2 survivors (4096K)
 Metaspace       used 54631K, committed 55232K, reserved 1114112K
  class space    used 7000K, committed 7296K, reserved 1048576K
}

